<?xml version="1.0" encoding="UTF-8"?>
<!-- Generated by org.testng.reporters.JUnitReportReporter -->
<testsuite hostname="LAPTOP-00Q9HK0F" failures="0" tests="1" name="com.sa.testscripts.LoginPageTest" time="28.043" errors="0" timestamp="2022-08-16T14:58:17 CEST" skipped="0">
  <testcase classname="com.sa.testscripts.LoginPageTest" name="createUserAcc" time="28.043"/>
  <system-out/>
</testsuite> <!-- com.sa.testscripts.LoginPageTest -->
